<?xml version="1.0" encoding="UTF-8"?>
<!-- Generated by org.testng.reporters.JUnitXMLReporter -->
<testsuite hostname="DESKTOP-3OSVVE1" ignored="0" name="Surefire test" tests="6" failures="1" timestamp="22 Oct 2022 06:12:24 GMT" time="4.7" errors="0">
  <testcase name="@BeforeMethod launchApplication" time="0.363" classname="rahulshettyacademy.TestComponents.BaseTest">
    <failure type="java.lang.IllegalStateException" message="The driver executable must exist: C:\Users\rahulshetty\documents\geckodriver">
      <![CDATA[java.lang.IllegalStateException: The driver executable must exist: C:\Users\rahulshetty\documents\geckodriver
at org.openqa.selenium.internal.Require$FileStateChecker.isFile(Require.java:342)
at org.openqa.selenium.remote.service.DriverService.checkExecutable(DriverService.java:147)
at org.openqa.selenium.remote.service.DriverService.findExecutable(DriverService.java:142)
at org.openqa.selenium.firefox.GeckoDriverService.access$100(GeckoDriverService.java:45)
at org.openqa.selenium.firefox.GeckoDriverService$Builder.findDefaultExecutable(GeckoDriverService.java:181)
at org.openqa.selenium.remote.service.DriverService$Builder.build(DriverService.java:437)
at org.openqa.selenium.firefox.GeckoDriverService.createDefaultService(GeckoDriverService.java:94)
at org.openqa.selenium.firefox.FirefoxDriver.<init>(FirefoxDriver.java:98)
at org.openqa.selenium.firefox.FirefoxDriver.<init>(FirefoxDriver.java:94)
at rahulshettyacademy.TestComponents.BaseTest.initializeDriver(BaseTest.java:63)
at rahulshettyacademy.TestComponents.BaseTest.launchApplication(BaseTest.java:109)
... Removed 33 stack frames]]>
    </failure>
  </testcase> <!-- @BeforeMethod launchApplication -->
  <testcase name="@AfterMethod tearDown" time="0.001" classname="rahulshettyacademy.TestComponents.BaseTest">
    <failure type="java.lang.NullPointerException">
      <![CDATA[java.lang.NullPointerException
at rahulshettyacademy.TestComponents.BaseTest.tearDown(BaseTest.java:121)
... Removed 33 stack frames]]>
    </failure>
  </testcase> <!-- @AfterMethod tearDown -->
  <testcase name="@BeforeMethod launchApplication" time="0.002" classname="rahulshettyacademy.TestComponents.BaseTest">
    <failure type="java.lang.IllegalStateException" message="The driver executable must exist: C:\Users\rahulshetty\documents\geckodriver">
      <![CDATA[java.lang.IllegalStateException: The driver executable must exist: C:\Users\rahulshetty\documents\geckodriver
at org.openqa.selenium.internal.Require$FileStateChecker.isFile(Require.java:342)
at org.openqa.selenium.remote.service.DriverService.checkExecutable(DriverService.java:147)
at org.openqa.selenium.remote.service.DriverService.findExecutable(DriverService.java:142)
at org.openqa.selenium.firefox.GeckoDriverService.access$100(GeckoDriverService.java:45)
at org.openqa.selenium.firefox.GeckoDriverService$Builder.findDefaultExecutable(GeckoDriverService.java:181)
at org.openqa.selenium.remote.service.DriverService$Builder.build(DriverService.java:437)
at org.openqa.selenium.firefox.GeckoDriverService.createDefaultService(GeckoDriverService.java:94)
at org.openqa.selenium.firefox.FirefoxDriver.<init>(FirefoxDriver.java:98)
at org.openqa.selenium.firefox.FirefoxDriver.<init>(FirefoxDriver.java:94)
at rahulshettyacademy.TestComponents.BaseTest.initializeDriver(BaseTest.java:63)
at rahulshettyacademy.TestComponents.BaseTest.launchApplication(BaseTest.java:109)
... Removed 33 stack frames]]>
    </failure>
  </testcase> <!-- @BeforeMethod launchApplication -->
  <testcase name="@AfterMethod tearDown" time="0.001" classname="rahulshettyacademy.TestComponents.BaseTest">
    <failure type="java.lang.NullPointerException">
      <![CDATA[java.lang.NullPointerException
at rahulshettyacademy.TestComponents.BaseTest.tearDown(BaseTest.java:121)
... Removed 33 stack frames]]>
    </failure>
  </testcase> <!-- @AfterMethod tearDown -->
  <testcase name="@BeforeMethod launchApplication" time="0.004" classname="rahulshettyacademy.TestComponents.BaseTest">
    <failure type="java.lang.IllegalStateException" message="The driver executable must exist: C:\Users\rahulshetty\documents\geckodriver">
      <![CDATA[java.lang.IllegalStateException: The driver executable must exist: C:\Users\rahulshetty\documents\geckodriver
at org.openqa.selenium.internal.Require$FileStateChecker.isFile(Require.java:342)
at org.openqa.selenium.remote.service.DriverService.checkExecutable(DriverService.java:147)
at org.openqa.selenium.remote.service.DriverService.findExecutable(DriverService.java:142)
at org.openqa.selenium.firefox.GeckoDriverService.access$100(GeckoDriverService.java:45)
at org.openqa.selenium.firefox.GeckoDriverService$Builder.findDefaultExecutable(GeckoDriverService.java:181)
at org.openqa.selenium.remote.service.DriverService$Builder.build(DriverService.java:437)
at org.openqa.selenium.firefox.GeckoDriverService.createDefaultService(GeckoDriverService.java:94)
at org.openqa.selenium.firefox.FirefoxDriver.<init>(FirefoxDriver.java:98)
at org.openqa.selenium.firefox.FirefoxDriver.<init>(FirefoxDriver.java:94)
at rahulshettyacademy.TestComponents.BaseTest.initializeDriver(BaseTest.java:63)
at rahulshettyacademy.TestComponents.BaseTest.launchApplication(BaseTest.java:109)
... Removed 33 stack frames]]>
    </failure>
  </testcase> <!-- @BeforeMethod launchApplication -->
  <testcase name="@AfterMethod tearDown" time="0.002" classname="rahulshettyacademy.TestComponents.BaseTest">
    <failure type="java.lang.NullPointerException">
      <![CDATA[java.lang.NullPointerException
at rahulshettyacademy.TestComponents.BaseTest.tearDown(BaseTest.java:121)
... Removed 33 stack frames]]>
    </failure>
  </testcase> <!-- @AfterMethod tearDown -->
  <testcase name="@BeforeMethod launchApplication" time="0.01" classname="rahulshettyacademy.TestComponents.BaseTest">
    <failure type="java.lang.IllegalStateException" message="The driver executable must exist: C:\Users\rahulshetty\documents\geckodriver">
      <![CDATA[java.lang.IllegalStateException: The driver executable must exist: C:\Users\rahulshetty\documents\geckodriver
at org.openqa.selenium.internal.Require$FileStateChecker.isFile(Require.java:342)
at org.openqa.selenium.remote.service.DriverService.checkExecutable(DriverService.java:147)
at org.openqa.selenium.remote.service.DriverService.findExecutable(DriverService.java:142)
at org.openqa.selenium.firefox.GeckoDriverService.access$100(GeckoDriverService.java:45)
at org.openqa.selenium.firefox.GeckoDriverService$Builder.findDefaultExecutable(GeckoDriverService.java:181)
at org.openqa.selenium.remote.service.DriverService$Builder.build(DriverService.java:437)
at org.openqa.selenium.firefox.GeckoDriverService.createDefaultService(GeckoDriverService.java:94)
at org.openqa.selenium.firefox.FirefoxDriver.<init>(FirefoxDriver.java:98)
at org.openqa.selenium.firefox.FirefoxDriver.<init>(FirefoxDriver.java:94)
at rahulshettyacademy.TestComponents.BaseTest.initializeDriver(BaseTest.java:63)
at rahulshettyacademy.TestComponents.BaseTest.launchApplication(BaseTest.java:109)
... Removed 33 stack frames]]>
    </failure>
  </testcase> <!-- @BeforeMethod launchApplication -->
  <testcase name="@AfterMethod tearDown" time="0.0" classname="rahulshettyacademy.TestComponents.BaseTest">
    <failure type="java.lang.NullPointerException">
      <![CDATA[java.lang.NullPointerException
at rahulshettyacademy.TestComponents.BaseTest.tearDown(BaseTest.java:121)
... Removed 33 stack frames]]>
    </failure>
  </testcase> <!-- @AfterMethod tearDown -->
  <testcase name="submitOrder" time="0.0" classname="rahulshettyacademy.tests.SubmitOrderTest">
    <skipped/>
  </testcase> <!-- submitOrder -->
  <testcase name="submitOrder" time="0.0" classname="rahulshettyacademy.tests.SubmitOrderTest">
    <skipped/>
  </testcase> <!-- submitOrder -->
  <testcase name="runScenario" time="0.524" classname="io.cucumber.testng.AbstractTestNGCucumberTests">
    <failure type="java.lang.IllegalStateException" message="The driver executable must exist: C:\Users\rahulshetty\documents\geckodriver">
      <![CDATA[java.lang.IllegalStateException: The driver executable must exist: C:\Users\rahulshetty\documents\geckodriver
at org.openqa.selenium.internal.Require$FileStateChecker.isFile(Require.java:342)
at org.openqa.selenium.remote.service.DriverService.checkExecutable(DriverService.java:147)
at org.openqa.selenium.remote.service.DriverService.findExecutable(DriverService.java:142)
at org.openqa.selenium.firefox.GeckoDriverService.access$100(GeckoDriverService.java:45)
at org.openqa.selenium.firefox.GeckoDriverService$Builder.findDefaultExecutable(GeckoDriverService.java:181)
at org.openqa.selenium.remote.service.DriverService$Builder.build(DriverService.java:437)
at org.openqa.selenium.firefox.GeckoDriverService.createDefaultService(GeckoDriverService.java:94)
at org.openqa.selenium.firefox.FirefoxDriver.<init>(FirefoxDriver.java:98)
at org.openqa.selenium.firefox.FirefoxDriver.<init>(FirefoxDriver.java:94)
at rahulshettyacademy.TestComponents.BaseTest.initializeDriver(BaseTest.java:63)
at rahulshettyacademy.TestComponents.BaseTest.launchApplication(BaseTest.java:109)
at rahulshettyacademy.stepDefinitions.StepDefinitionImpl.I_landed_on_Ecommerce_Page(StepDefinitionImpl.java:27)
at âœ½.I landed on Ecommerce Page(file:///C:/Users/INDIAN/Documents/Rahul%20Shetty%20Selenium/SeleniumFrameworkDesign/SeleniumFrameworkDesign/src/test/java/cucumber/SubmitOrder.feature:7)
]]>
    </failure>
  </testcase> <!-- runScenario -->
  <testcase name="LoginErrorValidation" time="0.0" classname="rahulshettyacademy.tests.ErrorValidationsTest">
    <skipped/>
  </testcase> <!-- LoginErrorValidation -->
  <testcase name="ProductErrorValidation" time="0.0" classname="rahulshettyacademy.tests.ErrorValidationsTest">
    <skipped/>
  </testcase> <!-- ProductErrorValidation -->
  <testcase name="OrderHistoryTest" time="0.0" classname="rahulshettyacademy.tests.SubmitOrderTest">
    <skipped/>
  </testcase> <!-- OrderHistoryTest -->
</testsuite> <!-- Surefire test -->
